<?xml version="1.0" encoding="UTF-8"?>
<!-- Generated by org.testng.reporters.JUnitXMLReporter -->
<testsuite hostname="f45c899d4237" ignored="0" name="Test" tests="12" failures="1" timestamp="26 Sep 2017 02:49:59 GMT" time="28.494" errors="0">
  <testcase name="signInValidations" time="13.473" classname="SeleniumCourseDay6WDCommands.SeleniumWebdriverCommands">
    <failure type="org.openqa.selenium.NoSuchElementException" message="Unable to locate element: //div[@id=&amp;apos;create_account_error&amp;apos;]/ol
For documentation on this error, please visit: http://seleniumhq.org/exceptions/no_such_element.html
Build info: version: &amp;apos;3.5.3&amp;apos;, revision: &amp;apos;a88d25fe6b&amp;apos;, time: &amp;apos;2017-08-29T12:42:44.417Z&amp;apos;
System info: host: &amp;apos;f45c899d4237&amp;apos;, ip: &amp;apos;192.168.0.101&amp;apos;, os.name: &amp;apos;Mac OS X&amp;apos;, os.arch: &amp;apos;x86_64&amp;apos;, os.version: &amp;apos;10.12.4&amp;apos;, java.version: &amp;apos;1.8.0_101&amp;apos;
Driver info: org.openqa.selenium.firefox.FirefoxDriver
Capabilities [{moz:profile=/var/folders/8h/637tjmys7k15cjp32gmk28ss20rcz_/T/rust_mozprofile.802Kc47xzg96, rotatable=false, timeouts={implicit=0, pageLoad=300000, script=30000}, pageLoadStrategy=normal, platform=MAC, specificationLevel=0, moz:accessibilityChecks=false, acceptInsecureCerts=false, browserVersion=55.0.3, platformVersion=16.5.0, moz:processID=99290, browserName=firefox, javascriptEnabled=true, platformName=MAC}]
Session ID: 1cd8326d-96af-0147-8ce4-6a26ef7fc106
*** Element info: {Using=xpath, value=//div[@id=&amp;apos;create_account_error&amp;apos;]/ol}">
      <![CDATA[org.openqa.selenium.NoSuchElementException: Unable to locate element: //div[@id='create_account_error']/ol
For documentation on this error, please visit: http://seleniumhq.org/exceptions/no_such_element.html
Build info: version: '3.5.3', revision: 'a88d25fe6b', time: '2017-08-29T12:42:44.417Z'
System info: host: 'f45c899d4237', ip: '192.168.0.101', os.name: 'Mac OS X', os.arch: 'x86_64', os.version: '10.12.4', java.version: '1.8.0_101'
Driver info: org.openqa.selenium.firefox.FirefoxDriver
Capabilities [{moz:profile=/var/folders/8h/637tjmys7k15cjp32gmk28ss20rcz_/T/rust_mozprofile.802Kc47xzg96, rotatable=false, timeouts={implicit=0, pageLoad=300000, script=30000}, pageLoadStrategy=normal, platform=MAC, specificationLevel=0, moz:accessibilityChecks=false, acceptInsecureCerts=false, browserVersion=55.0.3, platformVersion=16.5.0, moz:processID=99290, browserName=firefox, javascriptEnabled=true, platformName=MAC}]
Session ID: 1cd8326d-96af-0147-8ce4-6a26ef7fc106
*** Element info: {Using=xpath, value=//div[@id='create_account_error']/ol}
	at org.openqa.selenium.remote.http.W3CHttpResponseCodec.createException(W3CHttpResponseCodec.java:185)
	at org.openqa.selenium.remote.http.W3CHttpResponseCodec.decode(W3CHttpResponseCodec.java:120)
	at org.openqa.selenium.remote.http.W3CHttpResponseCodec.decode(W3CHttpResponseCodec.java:49)
	at org.openqa.selenium.remote.HttpCommandExecutor.execute(HttpCommandExecutor.java:164)
	at org.openqa.selenium.remote.service.DriverCommandExecutor.execute(DriverCommandExecutor.java:82)
	at org.openqa.selenium.remote.RemoteWebDriver.execute(RemoteWebDriver.java:646)
	at org.openqa.selenium.remote.RemoteWebDriver.findElement(RemoteWebDriver.java:416)
	at org.openqa.selenium.remote.RemoteWebDriver.findElementByXPath(RemoteWebDriver.java:518)
	at org.openqa.selenium.By$ByXPath.findElement(By.java:361)
	at org.openqa.selenium.remote.RemoteWebDriver.findElement(RemoteWebDriver.java:408)
	at SeleniumCourseDay6WDCommands.SeleniumWebdriverCommands.signInValidations(SeleniumWebdriverCommands.java:120)
... Removed 29 stack frames]]>
    </failure>
  </testcase> <!-- signInValidations -->
  <testcase name="testMethod" time="0.001" classname="SeleniumCourseDay6WDCommands.SeleniumWebdriverCommands"/>
  <testcase name="testMethod" time="0.001" classname="SeleniumCourseDay6WDCommands.SeleniumWebdriverCommands"/>
  <testcase name="testMethod" time="0.001" classname="SeleniumCourseDay6WDCommands.SeleniumWebdriverCommands"/>
  <testcase name="testMethod" time="0.0" classname="SeleniumCourseDay6WDCommands.SeleniumWebdriverCommands"/>
  <testcase name="testMethod" time="0.0" classname="SeleniumCourseDay6WDCommands.SeleniumWebdriverCommands"/>
  <testcase name="testMethod" time="0.001" classname="SeleniumCourseDay6WDCommands.SeleniumWebdriverCommands"/>
  <testcase name="testMethod" time="0.001" classname="SeleniumCourseDay6WDCommands.SeleniumWebdriverCommands"/>
  <testcase name="testMethod" time="0.0" classname="SeleniumCourseDay6WDCommands.SeleniumWebdriverCommands"/>
  <testcase name="testMethod" time="0.001" classname="SeleniumCourseDay6WDCommands.SeleniumWebdriverCommands"/>
  <testcase name="testMethod" time="0.0" classname="SeleniumCourseDay6WDCommands.SeleniumWebdriverCommands"/>
  <testcase name="webdriverCommands" time="14.984" classname="SeleniumCourseDay6WDCommands.SeleniumWebdriverCommands"/>
</testsuite> <!-- Test -->
