<html>
<head>
<title>TestNG:  Test</title>
<link href="../testng.css" rel="stylesheet" type="text/css" />
<link href="../my-testng.css" rel="stylesheet" type="text/css" />

<style type="text/css">
.log { display: none;} 
.stack-trace { display: none;} 
</style>
<script type="text/javascript">
<!--
function flip(e) {
  current = e.style.display;
  if (current == 'block') {
    e.style.display = 'none';
    return 0;
  }
  else {
    e.style.display = 'block';
    return 1;
  }
}

function toggleBox(szDivId, elem, msg1, msg2)
{
  var res = -1;  if (document.getElementById) {
    res = flip(document.getElementById(szDivId));
  }
  else if (document.all) {
    // this is the way old msie versions work
    res = flip(document.all[szDivId]);
  }
  if(elem) {
    if(res == 0) elem.innerHTML = msg1; else elem.innerHTML = msg2;
  }

}

function toggleAllBoxes() {
  if (document.getElementsByTagName) {
    d = document.getElementsByTagName('div');
    for (i = 0; i < d.length; i++) {
      if (d[i].className == 'log') {
        flip(d[i]);
      }
    }
  }
}

// -->
</script>

</head>
<body>
<h2 align='center'>Test</h2><table border='1' align="center">
<tr>
<td>Tests passed/Failed/Skipped:</td><td>11/1/0</td>
</tr><tr>
<td>Started on:</td><td>Tue Sep 26 08:19:30 IST 2017</td>
</tr>
<tr><td>Total time:</td><td>28 seconds (28494 ms)</td>
</tr><tr>
<td>Included groups:</td><td>Sanity Regression AllTestCases Smoke </td>
</tr><tr>
<td>Excluded groups:</td><td></td>
</tr>
</table><p/>
<small><i>(Hover the method name to see the test class name)</i></small><p/>
<table width='100%' border='1' class='invocation-failed'>
<tr><td colspan='4' align='center'><b>FAILED TESTS</b></td></tr>
<tr><td><b>Test method</b></td>
<td width="30%"><b>Exception</b></td>
<td width="10%"><b>Time (seconds)</b></td>
<td><b>Instance</b></td>
</tr>
<tr>
<td title='SeleniumCourseDay6WDCommands.SeleniumWebdriverCommands.signInValidations()'><b>signInValidations</b><br>Test class: SeleniumCourseDay6WDCommands.SeleniumWebdriverCommands<br/>
<a href="#Output-150138649" onClick='toggleBox("Output-150138649", this, "Show output", "Hide output");'>Show output</a>

<a href="#Output-150138649" onClick="toggleAllBoxes();">Show all outputs</a>
<div class='log' id="Output-150138649">
Firefox browser launched successfully<br/>
Window title is My Store<br/>
Window URL is http://automationpractice.com/index.php<br/>
Sign In button text is Sign in<br/>
</div>
</td>
<td><div><pre>org.openqa.selenium.NoSuchElementException: Unable to locate element: //div[@id=&apos;create_account_error&apos;]/ol
For documentation on this error, please visit: http://seleniumhq.org/exceptions/no_such_element.html
Build info: version: &apos;3.5.3&apos;, revision: &apos;a88d25fe6b&apos;, time: &apos;2017-08-29T12:42:44.417Z&apos;
System info: host: &apos;f45c899d4237&apos;, ip: &apos;192.168.0.101&apos;, os.name: &apos;Mac OS X&apos;, os.arch: &apos;x86_64&apos;, os.version: &apos;10.12.4&apos;, java.version: &apos;1.8.0_101&apos;
Driver info: org.openqa.selenium.firefox.FirefoxDriver
Capabilities [{moz:profile=/var/folders/8h/637tjmys7k15cjp32gmk28ss20rcz_/T/rust_mozprofile.802Kc47xzg96, rotatable=false, timeouts={implicit=0, pageLoad=300000, script=30000}, pageLoadStrategy=normal, platform=MAC, specificationLevel=0, moz:accessibilityChecks=false, acceptInsecureCerts=false, browserVersion=55.0.3, platformVersion=16.5.0, moz:processID=99290, browserName=firefox, javascriptEnabled=true, platformName=MAC}]
Session ID: 1cd8326d-96af-0147-8ce4-6a26ef7fc106
*** Element info: {Using=xpath, value=//div[@id=&apos;create_account_error&apos;]/ol}
	at org.openqa.selenium.remote.http.W3CHttpResponseCodec.createException(W3CHttpResponseCodec.java:185)
	at org.openqa.selenium.remote.http.W3CHttpResponseCodec.decode(W3CHttpResponseCodec.java:120)
	at org.openqa.selenium.remote.http.W3CHttpResponseCodec.decode(W3CHttpResponseCodec.java:49)
	at org.openqa.selenium.remote.HttpCommandExecutor.execute(HttpCommandExecutor.java:164)
	at org.openqa.selenium.remote.service.DriverCommandExecutor.execute(DriverCommandExecutor.java:82)
	at org.openqa.selenium.remote.RemoteWebDriver.execute(RemoteWebDriver.java:646)
	at org.openqa.selenium.remote.RemoteWebDriver.findElement(RemoteWebDriver.java:416)
	at org.openqa.selenium.remote.RemoteWebDriver.findElementByXPath(RemoteWebDriver.java:518)
	at org.openqa.selenium.By$ByXPath.findElement(By.java:361)
	at org.openqa.selenium.remote.RemoteWebDriver.findElement(RemoteWebDriver.java:408)
	at SeleniumCourseDay6WDCommands.SeleniumWebdriverCommands.signInValidations(SeleniumWebdriverCommands.java:120)
... Removed 29 stack frames</pre></div><a href='#' onClick='toggleBox("stack-trace150138649", this, "Click to show all stack frames", "Click to hide stack frames")'>Click to show all stack frames</a>
<div class='stack-trace' id='stack-trace150138649'><pre>org.openqa.selenium.NoSuchElementException: Unable to locate element: //div[@id=&apos;create_account_error&apos;]/ol
For documentation on this error, please visit: http://seleniumhq.org/exceptions/no_such_element.html
Build info: version: &apos;3.5.3&apos;, revision: &apos;a88d25fe6b&apos;, time: &apos;2017-08-29T12:42:44.417Z&apos;
System info: host: &apos;f45c899d4237&apos;, ip: &apos;192.168.0.101&apos;, os.name: &apos;Mac OS X&apos;, os.arch: &apos;x86_64&apos;, os.version: &apos;10.12.4&apos;, java.version: &apos;1.8.0_101&apos;
Driver info: org.openqa.selenium.firefox.FirefoxDriver
Capabilities [{moz:profile=/var/folders/8h/637tjmys7k15cjp32gmk28ss20rcz_/T/rust_mozprofile.802Kc47xzg96, rotatable=false, timeouts={implicit=0, pageLoad=300000, script=30000}, pageLoadStrategy=normal, platform=MAC, specificationLevel=0, moz:accessibilityChecks=false, acceptInsecureCerts=false, browserVersion=55.0.3, platformVersion=16.5.0, moz:processID=99290, browserName=firefox, javascriptEnabled=true, platformName=MAC}]
Session ID: 1cd8326d-96af-0147-8ce4-6a26ef7fc106
*** Element info: {Using=xpath, value=//div[@id=&apos;create_account_error&apos;]/ol}
	at sun.reflect.NativeConstructorAccessorImpl.newInstance0(Native Method)
	at sun.reflect.NativeConstructorAccessorImpl.newInstance(NativeConstructorAccessorImpl.java:62)
	at sun.reflect.DelegatingConstructorAccessorImpl.newInstance(DelegatingConstructorAccessorImpl.java:45)
	at java.lang.reflect.Constructor.newInstance(Constructor.java:423)
	at org.openqa.selenium.remote.http.W3CHttpResponseCodec.createException(W3CHttpResponseCodec.java:185)
	at org.openqa.selenium.remote.http.W3CHttpResponseCodec.decode(W3CHttpResponseCodec.java:120)
	at org.openqa.selenium.remote.http.W3CHttpResponseCodec.decode(W3CHttpResponseCodec.java:49)
	at org.openqa.selenium.remote.HttpCommandExecutor.execute(HttpCommandExecutor.java:164)
	at org.openqa.selenium.remote.service.DriverCommandExecutor.execute(DriverCommandExecutor.java:82)
	at org.openqa.selenium.remote.RemoteWebDriver.execute(RemoteWebDriver.java:646)
	at org.openqa.selenium.remote.RemoteWebDriver.findElement(RemoteWebDriver.java:416)
	at org.openqa.selenium.remote.RemoteWebDriver.findElementByXPath(RemoteWebDriver.java:518)
	at org.openqa.selenium.By$ByXPath.findElement(By.java:361)
	at org.openqa.selenium.remote.RemoteWebDriver.findElement(RemoteWebDriver.java:408)
	at SeleniumCourseDay6WDCommands.SeleniumWebdriverCommands.signInValidations(SeleniumWebdriverCommands.java:120)
	at sun.reflect.NativeMethodAccessorImpl.invoke0(Native Method)
	at sun.reflect.NativeMethodAccessorImpl.invoke(NativeMethodAccessorImpl.java:62)
	at sun.reflect.DelegatingMethodAccessorImpl.invoke(DelegatingMethodAccessorImpl.java:43)
	at java.lang.reflect.Method.invoke(Method.java:498)
	at org.testng.internal.MethodInvocationHelper.invokeMethod(MethodInvocationHelper.java:108)
	at org.testng.internal.Invoker.invokeMethod(Invoker.java:661)
	at org.testng.internal.Invoker.invokeTestMethod(Invoker.java:869)
	at org.testng.internal.Invoker.invokeTestMethods(Invoker.java:1193)
	at org.testng.internal.TestMethodWorker.invokeTestMethods(TestMethodWorker.java:126)
	at org.testng.internal.TestMethodWorker.run(TestMethodWorker.java:109)
	at org.testng.TestRunner.privateRun(TestRunner.java:744)
	at org.testng.TestRunner.run(TestRunner.java:602)
	at org.testng.SuiteRunner.runTest(SuiteRunner.java:380)
	at org.testng.SuiteRunner.runSequentially(SuiteRunner.java:375)
	at org.testng.SuiteRunner.privateRun(SuiteRunner.java:340)
	at org.testng.SuiteRunner.run(SuiteRunner.java:289)
	at org.testng.SuiteRunnerWorker.runSuite(SuiteRunnerWorker.java:52)
	at org.testng.SuiteRunnerWorker.run(SuiteRunnerWorker.java:86)
	at org.testng.TestNG.runSuitesSequentially(TestNG.java:1301)
	at org.testng.TestNG.runSuitesLocally(TestNG.java:1226)
	at org.testng.TestNG.runSuites(TestNG.java:1144)
	at org.testng.TestNG.run(TestNG.java:1115)
	at org.testng.remote.AbstractRemoteTestNG.run(AbstractRemoteTestNG.java:114)
	at org.testng.remote.RemoteTestNG.initAndRun(RemoteTestNG.java:251)
	at org.testng.remote.RemoteTestNG.main(RemoteTestNG.java:77)
</pre></div></td>
<td>13</td>
<td>SeleniumCourseDay6WDCommands.SeleniumWebdriverCommands@1e88b3c</td></tr>
</table><p>
<table width='100%' border='1' class='invocation-passed'>
<tr><td colspan='4' align='center'><b>PASSED TESTS</b></td></tr>
<tr><td><b>Test method</b></td>
<td width="30%"><b>Exception</b></td>
<td width="10%"><b>Time (seconds)</b></td>
<td><b>Instance</b></td>
</tr>
<tr>
<td title='SeleniumCourseDay6WDCommands.SeleniumWebdriverCommands.testMethod()'><b>testMethod</b><br>Test class: SeleniumCourseDay6WDCommands.SeleniumWebdriverCommands<br/>
<a href="#Output-2095486832" onClick='toggleBox("Output-2095486832", this, "Show output", "Hide output");'>Show output</a>

<a href="#Output-2095486832" onClick="toggleAllBoxes();">Show all outputs</a>
<div class='log' id="Output-2095486832">
Test has run 0 times<br/>
</div>
</td>
<td></td>
<td>0</td>
<td>SeleniumCourseDay6WDCommands.SeleniumWebdriverCommands@1e88b3c</td></tr>
<tr>
<td title='SeleniumCourseDay6WDCommands.SeleniumWebdriverCommands.testMethod()'><b>testMethod</b><br>Test class: SeleniumCourseDay6WDCommands.SeleniumWebdriverCommands<br/>
<a href="#Output-391183339" onClick='toggleBox("Output-391183339", this, "Show output", "Hide output");'>Show output</a>

<a href="#Output-391183339" onClick="toggleAllBoxes();">Show all outputs</a>
<div class='log' id="Output-391183339">
Test has run 1 times<br/>
</div>
</td>
<td></td>
<td>0</td>
<td>SeleniumCourseDay6WDCommands.SeleniumWebdriverCommands@1e88b3c</td></tr>
<tr>
<td title='SeleniumCourseDay6WDCommands.SeleniumWebdriverCommands.testMethod()'><b>testMethod</b><br>Test class: SeleniumCourseDay6WDCommands.SeleniumWebdriverCommands<br/>
<a href="#Output-1529115495" onClick='toggleBox("Output-1529115495", this, "Show output", "Hide output");'>Show output</a>

<a href="#Output-1529115495" onClick="toggleAllBoxes();">Show all outputs</a>
<div class='log' id="Output-1529115495">
Test has run 2 times<br/>
</div>
</td>
<td></td>
<td>0</td>
<td>SeleniumCourseDay6WDCommands.SeleniumWebdriverCommands@1e88b3c</td></tr>
<tr>
<td title='SeleniumCourseDay6WDCommands.SeleniumWebdriverCommands.testMethod()'><b>testMethod</b><br>Test class: SeleniumCourseDay6WDCommands.SeleniumWebdriverCommands<br/>
<a href="#Output-646910062" onClick='toggleBox("Output-646910062", this, "Show output", "Hide output");'>Show output</a>

<a href="#Output-646910062" onClick="toggleAllBoxes();">Show all outputs</a>
<div class='log' id="Output-646910062">
Test has run 3 times<br/>
</div>
</td>
<td></td>
<td>0</td>
<td>SeleniumCourseDay6WDCommands.SeleniumWebdriverCommands@1e88b3c</td></tr>
<tr>
<td title='SeleniumCourseDay6WDCommands.SeleniumWebdriverCommands.testMethod()'><b>testMethod</b><br>Test class: SeleniumCourseDay6WDCommands.SeleniumWebdriverCommands<br/>
<a href="#Output-1855610584" onClick='toggleBox("Output-1855610584", this, "Show output", "Hide output");'>Show output</a>

<a href="#Output-1855610584" onClick="toggleAllBoxes();">Show all outputs</a>
<div class='log' id="Output-1855610584">
Test has run 4 times<br/>
</div>
</td>
<td></td>
<td>0</td>
<td>SeleniumCourseDay6WDCommands.SeleniumWebdriverCommands@1e88b3c</td></tr>
<tr>
<td title='SeleniumCourseDay6WDCommands.SeleniumWebdriverCommands.testMethod()'><b>testMethod</b><br>Test class: SeleniumCourseDay6WDCommands.SeleniumWebdriverCommands<br/>
<a href="#Output-2114289475" onClick='toggleBox("Output-2114289475", this, "Show output", "Hide output");'>Show output</a>

<a href="#Output-2114289475" onClick="toggleAllBoxes();">Show all outputs</a>
<div class='log' id="Output-2114289475">
Test has run 5 times<br/>
</div>
</td>
<td></td>
<td>0</td>
<td>SeleniumCourseDay6WDCommands.SeleniumWebdriverCommands@1e88b3c</td></tr>
<tr>
<td title='SeleniumCourseDay6WDCommands.SeleniumWebdriverCommands.testMethod()'><b>testMethod</b><br>Test class: SeleniumCourseDay6WDCommands.SeleniumWebdriverCommands<br/>
<a href="#Output-113411247" onClick='toggleBox("Output-113411247", this, "Show output", "Hide output");'>Show output</a>

<a href="#Output-113411247" onClick="toggleAllBoxes();">Show all outputs</a>
<div class='log' id="Output-113411247">
Test has run 6 times<br/>
</div>
</td>
<td></td>
<td>0</td>
<td>SeleniumCourseDay6WDCommands.SeleniumWebdriverCommands@1e88b3c</td></tr>
<tr>
<td title='SeleniumCourseDay6WDCommands.SeleniumWebdriverCommands.testMethod()'><b>testMethod</b><br>Test class: SeleniumCourseDay6WDCommands.SeleniumWebdriverCommands<br/>
<a href="#Output-1485891705" onClick='toggleBox("Output-1485891705", this, "Show output", "Hide output");'>Show output</a>

<a href="#Output-1485891705" onClick="toggleAllBoxes();">Show all outputs</a>
<div class='log' id="Output-1485891705">
Test has run 7 times<br/>
</div>
</td>
<td></td>
<td>0</td>
<td>SeleniumCourseDay6WDCommands.SeleniumWebdriverCommands@1e88b3c</td></tr>
<tr>
<td title='SeleniumCourseDay6WDCommands.SeleniumWebdriverCommands.testMethod()'><b>testMethod</b><br>Test class: SeleniumCourseDay6WDCommands.SeleniumWebdriverCommands<br/>
<a href="#Output-1681920301" onClick='toggleBox("Output-1681920301", this, "Show output", "Hide output");'>Show output</a>

<a href="#Output-1681920301" onClick="toggleAllBoxes();">Show all outputs</a>
<div class='log' id="Output-1681920301">
Test has run 8 times<br/>
</div>
</td>
<td></td>
<td>0</td>
<td>SeleniumCourseDay6WDCommands.SeleniumWebdriverCommands@1e88b3c</td></tr>
<tr>
<td title='SeleniumCourseDay6WDCommands.SeleniumWebdriverCommands.testMethod()'><b>testMethod</b><br>Test class: SeleniumCourseDay6WDCommands.SeleniumWebdriverCommands<br/>
<a href="#Output-837457281" onClick='toggleBox("Output-837457281", this, "Show output", "Hide output");'>Show output</a>

<a href="#Output-837457281" onClick="toggleAllBoxes();">Show all outputs</a>
<div class='log' id="Output-837457281">
Test has run 9 times<br/>
</div>
</td>
<td></td>
<td>0</td>
<td>SeleniumCourseDay6WDCommands.SeleniumWebdriverCommands@1e88b3c</td></tr>
<tr>
<td title='SeleniumCourseDay6WDCommands.SeleniumWebdriverCommands.webdriverCommands()'><b>webdriverCommands</b><br>Test class: SeleniumCourseDay6WDCommands.SeleniumWebdriverCommands<br/>
<a href="#Output-2081652693" onClick='toggleBox("Output-2081652693", this, "Show output", "Hide output");'>Show output</a>

<a href="#Output-2081652693" onClick="toggleAllBoxes();">Show all outputs</a>
<div class='log' id="Output-2081652693">
Firefox browser launched successfully<br/>
Window title is My Store<br/>
Window URL is http://automationpractice.com/index.php<br/>
Sign In button text is Sign in<br/>
PASS - Sign in page displayed successfully<br/>
PASS - Email entered Successfully<br/>
PASS - Password entered Successfully<br/>
PASS - Sign in Button Clicked Successfully<br/>
PASS - Sign Out Button Clicked Successfully<br/>
</div>
</td>
<td></td>
<td>14</td>
<td>SeleniumCourseDay6WDCommands.SeleniumWebdriverCommands@1e88b3c</td></tr>
</table><p>
</body>
</html>